mar, 03 ene 2012 13:26:52 INFO     Inicio del sistema, Menu principal.
mar, 03 ene 2012 13:26:53 INFO     INBOX.
mar, 03 ene 2012 13:27:42 INFO     INBOX.
mar, 03 ene 2012 13:27:47 INFO     Finalización del sistema.
mar, 03 ene 2012 13:41:51 INFO     Inicio del sistema, Menu principal.
mar, 03 ene 2012 13:41:52 INFO     Finalización del sistema.
mar, 03 ene 2012 13:48:44 INFO     Inicio del sistema, Menu principal.
mar, 03 ene 2012 13:48:46 INFO     INBOX.
mar, 03 ene 2012 13:49:02 INFO     Finalización del sistema.
mar, 03 ene 2012 13:49:37 INFO     Inicio del sistema, Menu principal.
mar, 03 ene 2012 13:49:40 INFO     INBOX.
mar, 03 ene 2012 13:50:00 INFO     Finalización del sistema.
mar, 03 ene 2012 13:50:46 INFO     Inicio del sistema, Menu principal.
mar, 03 ene 2012 13:50:46 INFO     INBOX.
mar, 03 ene 2012 13:51:00 INFO     Finalización del sistema.
mar, 03 ene 2012 19:45:22 INFO     Inicio del sistema, Menu principal.
mar, 03 ene 2012 19:45:29 INFO     INBOX.
mar, 03 ene 2012 19:46:01 INFO     Finalización del sistema.
mar, 03 ene 2012 19:54:44 INFO     Inicio del sistema, Menu principal.
mar, 03 ene 2012 19:54:48 INFO     INBOX.
mar, 03 ene 2012 19:54:57 INFO     Finalización del sistema.
mié, 04 ene 2012 08:26:28 INFO     Inicio del sistema, Menu principal.
mié, 04 ene 2012 08:26:29 INFO     INBOX.
mié, 04 ene 2012 08:27:03 INFO     INBOX.
mié, 04 ene 2012 08:27:07 INFO     Finalización del sistema.
